# JRE version: Java(TM) SE Runtime Environment (8.0_121-b13) (build 1.8.0_121-b13)
# Java VM: Java HotSpot(TM) 64-Bit Server VM (25.121-b13 mixed mode windows-amd64 compressed oops)
Heap:
 PSYoungGen      total 31744K, used 6278K [0x000000076b700000, 0x000000076dd00000, 0x00000007c0000000)
  eden space 31232K, 20% used [0x000000076b700000,0x000000076bd19a58,0x000000076d580000)
  from space 512K, 6% used [0x000000076dc80000,0x000000076dc88000,0x000000076dd00000)
  to   space 512K, 0% used [0x000000076dc00000,0x000000076dc00000,0x000000076dc80000)
 ParOldGen       total 173568K, used 2382K [0x00000006c2400000, 0x00000006ccd80000, 0x000000076b700000)
  object space 173568K, 1% used [0x00000006c2400000,0x00000006c2653870,0x00000006ccd80000)
 Metaspace       used 9596K, capacity 9721K, committed 9984K, reserved 1058816K
  class space    used 913K, capacity 945K, committed 1024K, reserved 1048576K
GC Heap History (10 events):
Event: 78523.720 GC heap before
{Heap before GC invocations=182 (full 0):
 PSYoungGen      total 31744K, used 31296K [0x000000076b700000, 0x000000076dd00000, 0x00000007c0000000)
  eden space 31232K, 100% used [0x000000076b700000,0x000000076d580000,0x000000076d580000)
  from space 512K, 12% used [0x000000076dc00000,0x000000076dc10000,0x000000076dc80000)
  to   space 512K, 0% used [0x000000076dc80000,0x000000076dc80000,0x000000076dd00000)
 ParOldGen       total 173568K, used 2382K [0x00000006c2400000, 0x00000006ccd80000, 0x000000076b700000)
  object space 173568K, 1% used [0x00000006c2400000,0x00000006c2653870,0x00000006ccd80000)
 Metaspace       used 9596K, capacity 9721K, committed 9984K, reserved 1058816K
  class space    used 913K, capacity 945K, committed 1024K, reserved 1048576K
Event: 78523.721 GC heap after
Heap after GC invocations=182 (full 0):
 PSYoungGen      total 31744K, used 32K [0x000000076b700000, 0x000000076dd00000, 0x00000007c0000000)
  eden space 31232K, 0% used [0x000000076b700000,0x000000076b700000,0x000000076d580000)
  from space 512K, 6% used [0x000000076dc80000,0x000000076dc88000,0x000000076dd00000)
  to   space 512K, 0% used [0x000000076dc00000,0x000000076dc00000,0x000000076dc80000)
 ParOldGen       total 173568K, used 2382K [0x00000006c2400000, 0x00000006ccd80000, 0x000000076b700000)
  object space 173568K, 1% used [0x00000006c2400000,0x00000006c2653870,0x00000006ccd80000)
 Metaspace       used 9596K, capacity 9721K, committed 9984K, reserved 1058816K
  class space    used 913K, capacity 945K, committed 1024K, reserved 1048576K
}
Event: 78583.219 GC heap before
{Heap before GC invocations=183 (full 0):
 PSYoungGen      total 31744K, used 31264K [0x000000076b700000, 0x000000076dd00000, 0x00000007c0000000)
  eden space 31232K, 100% used [0x000000076b700000,0x000000076d580000,0x000000076d580000)
  from space 512K, 6% used [0x000000076dc80000,0x000000076dc88000,0x000000076dd00000)
  to   space 512K, 0% used [0x000000076dc00000,0x000000076dc00000,0x000000076dc80000)
 ParOldGen       total 173568K, used 2382K [0x00000006c2400000, 0x00000006ccd80000, 0x000000076b700000)
  object space 173568K, 1% used [0x00000006c2400000,0x00000006c2653870,0x00000006ccd80000)
 Metaspace       used 9596K, capacity 9721K, committed 9984K, reserved 1058816K
  class space    used 913K, capacity 945K, committed 1024K, reserved 1048576K
Event: 78583.220 GC heap after
Heap after GC invocations=183 (full 0):
 PSYoungGen      total 31744K, used 64K [0x000000076b700000, 0x000000076dd00000, 0x00000007c0000000)
  eden space 31232K, 0% used [0x000000076b700000,0x000000076b700000,0x000000076d580000)
  from space 512K, 12% used [0x000000076dc00000,0x000000076dc10000,0x000000076dc80000)
  to   space 512K, 0% used [0x000000076dc80000,0x000000076dc80000,0x000000076dd00000)
 ParOldGen       total 173568K, used 2382K [0x00000006c2400000, 0x00000006ccd80000, 0x000000076b700000)
  object space 173568K, 1% used [0x00000006c2400000,0x00000006c2653870,0x00000006ccd80000)
 Metaspace       used 9596K, capacity 9721K, committed 9984K, reserved 1058816K
  class space    used 913K, capacity 945K, committed 1024K, reserved 1048576K
}
Event: 78642.712 GC heap before
{Heap before GC invocations=184 (full 0):
 PSYoungGen      total 31744K, used 31296K [0x000000076b700000, 0x000000076dd00000, 0x00000007c0000000)
  eden space 31232K, 100% used [0x000000076b700000,0x000000076d580000,0x000000076d580000)
  from space 512K, 12% used [0x000000076dc00000,0x000000076dc10000,0x000000076dc80000)
  to   space 512K, 0% used [0x000000076dc80000,0x000000076dc80000,0x000000076dd00000)
 ParOldGen       total 173568K, used 2382K [0x00000006c2400000, 0x00000006ccd80000, 0x000000076b700000)
  object space 173568K, 1% used [0x00000006c2400000,0x00000006c2653870,0x00000006ccd80000)
 Metaspace       used 9596K, capacity 9721K, committed 9984K, reserved 1058816K
  class space    used 913K, capacity 945K, committed 1024K, reserved 1048576K
Event: 78642.713 GC heap after
Heap after GC invocations=184 (full 0):
 PSYoungGen      total 31744K, used 64K [0x000000076b700000, 0x000000076dd00000, 0x00000007c0000000)
  eden space 31232K, 0% used [0x000000076b700000,0x000000076b700000,0x000000076d580000)
  from space 512K, 12% used [0x000000076dc80000,0x000000076dc90000,0x000000076dd00000)
  to   space 512K, 0% used [0x000000076dc00000,0x000000076dc00000,0x000000076dc80000)
 ParOldGen       total 173568K, used 2382K [0x00000006c2400000, 0x00000006ccd80000, 0x000000076b700000)
  object space 173568K, 1% used [0x00000006c2400000,0x00000006c2653870,0x00000006ccd80000)
 Metaspace       used 9596K, capacity 9721K, committed 9984K, reserved 1058816K
  class space    used 913K, capacity 945K, committed 1024K, reserved 1048576K
}
Event: 78702.197 GC heap before
{Heap before GC invocations=185 (full 0):
 PSYoungGen      total 31744K, used 31296K [0x000000076b700000, 0x000000076dd00000, 0x00000007c0000000)
  eden space 31232K, 100% used [0x000000076b700000,0x000000076d580000,0x000000076d580000)
  from space 512K, 12% used [0x000000076dc80000,0x000000076dc90000,0x000000076dd00000)
  to   space 512K, 0% used [0x000000076dc00000,0x000000076dc00000,0x000000076dc80000)
 ParOldGen       total 173568K, used 2382K [0x00000006c2400000, 0x00000006ccd80000, 0x000000076b700000)
  object space 173568K, 1% used [0x00000006c2400000,0x00000006c2653870,0x00000006ccd80000)
 Metaspace       used 9596K, capacity 9721K, committed 9984K, reserved 1058816K
  class space    used 913K, capacity 945K, committed 1024K, reserved 1048576K
Event: 78702.198 GC heap after
Heap after GC invocations=185 (full 0):
 PSYoungGen      total 31744K, used 32K [0x000000076b700000, 0x000000076dd00000, 0x00000007c0000000)
  eden space 31232K, 0% used [0x000000076b700000,0x000000076b700000,0x000000076d580000)
  from space 512K, 6% used [0x000000076dc00000,0x000000076dc08000,0x000000076dc80000)
  to   space 512K, 0% used [0x000000076dc80000,0x000000076dc80000,0x000000076dd00000)
 ParOldGen       total 173568K, used 2382K [0x00000006c2400000, 0x00000006ccd80000, 0x000000076b700000)
  object space 173568K, 1% used [0x00000006c2400000,0x00000006c2653870,0x00000006ccd80000)
 Metaspace       used 9596K, capacity 9721K, committed 9984K, reserved 1058816K
  class space    used 913K, capacity 945K, committed 1024K, reserved 1048576K
}
Event: 78761.683 GC heap before
{Heap before GC invocations=186 (full 0):
 PSYoungGen      total 31744K, used 31264K [0x000000076b700000, 0x000000076dd00000, 0x00000007c0000000)
  eden space 31232K, 100% used [0x000000076b700000,0x000000076d580000,0x000000076d580000)
  from space 512K, 6% used [0x000000076dc00000,0x000000076dc08000,0x000000076dc80000)
  to   space 512K, 0% used [0x000000076dc80000,0x000000076dc80000,0x000000076dd00000)
 ParOldGen       total 173568K, used 2382K [0x00000006c2400000, 0x00000006ccd80000, 0x000000076b700000)
  object space 173568K, 1% used [0x00000006c2400000,0x00000006c2653870,0x00000006ccd80000)
 Metaspace       used 9596K, capacity 9721K, committed 9984K, reserved 1058816K
  class space    used 913K, capacity 945K, committed 1024K, reserved 1048576K
Event: 78761.684 GC heap after
Heap after GC invocations=186 (full 0):
 PSYoungGen      total 31744K, used 32K [0x000000076b700000, 0x000000076dd00000, 0x00000007c0000000)
  eden space 31232K, 0% used [0x000000076b700000,0x000000076b700000,0x000000076d580000)
  from space 512K, 6% used [0x000000076dc80000,0x000000076dc88000,0x000000076dd00000)
  to   space 512K, 0% used [0x000000076dc00000,0x000000076dc00000,0x000000076dc80000)
 ParOldGen       total 173568K, used 2382K [0x00000006c2400000, 0x00000006ccd80000, 0x000000076b700000)
  object space 173568K, 1% used [0x00000006c2400000,0x00000006c2653870,0x00000006ccd80000)
 Metaspace       used 9596K, capacity 9721K, committed 9984K, reserved 1058816K
  class space    used 913K, capacity 945K, committed 1024K, reserved 1048576K
}

